

-----------------------------------------
12:33:20.910 : Starting log.
12:33:20.910 INFO : Cataclysm DDA version 0.G
12:33:20.912 INFO : [main] C locale set to en_US.UTF-8
12:33:20.912 INFO : [main] C++ locale set to en_US.UTF-8
12:33:20.916 WARNING : opendir [/usr/share/cataclysm-dda/sound] failed with "No such file or directory".
12:33:21.062 WARNING : opendir [/usr/share/cataclysm-dda/gfx] failed with "No such file or directory".
12:33:21.062 WARNING : opendir [/usr/share/cataclysm-dda/gfx] failed with "No such file or directory".
12:33:21.062 WARNING : opendir [/usr/share/cataclysm-dda/gfx] failed with "No such file or directory".
12:33:21.062 INFO : [options] C locale set to en_US.UTF-8
12:33:21.062 INFO : [options] C++ locale set to en_US.UTF-8
12:33:21.063 INFO : Setting language to: 'en'
12:33:21.064 INFO : [i18n] Scanning core translations from /usr/share/locale
12:33:21.064 INFO : [i18n] Scanning mod translations from /home/lynn/.local/share/cataclysm-dda/mods/
12:33:21.064 WARNING : opendir [/home/lynn/.local/share/cataclysm-dda/mods/] failed with "No such file or directory".
12:33:21.081 WARNING : opendir [/usr/share/cataclysm-dda/cache] failed with "No such file or directory".
12:33:29.710 WARNING : opendir [/home/lynn/.local/share/cataclysm-dda/mods] failed with "No such file or directory".
12:33:33.225 : Log shutdown.
-----------------------------------------



-----------------------------------------
12:33:54.406 : Starting log.
12:33:54.406 INFO : Cataclysm DDA version 0.G
12:33:54.408 INFO : [main] C locale set to en_US.UTF-8
12:33:54.408 INFO : [main] C++ locale set to en_US.UTF-8
12:33:54.408 WARNING : opendir [/usr/share/cataclysm-dda/sound] failed with "No such file or directory".
12:33:54.417 WARNING : opendir [/usr/share/cataclysm-dda/gfx] failed with "No such file or directory".
12:33:54.417 WARNING : opendir [/usr/share/cataclysm-dda/gfx] failed with "No such file or directory".
12:33:54.417 WARNING : opendir [/usr/share/cataclysm-dda/gfx] failed with "No such file or directory".
12:33:54.417 INFO : [options] C locale set to en_US.UTF-8
12:33:54.417 INFO : [options] C++ locale set to en_US.UTF-8
12:33:54.418 INFO : Setting language to: 'en'
12:33:54.418 INFO : [i18n] Scanning core translations from /usr/share/locale
12:33:54.418 INFO : [i18n] Scanning mod translations from /home/lynn/.local/share/cataclysm-dda/mods/
12:33:54.418 WARNING : opendir [/home/lynn/.local/share/cataclysm-dda/mods/] failed with "No such file or directory".
12:33:54.434 WARNING : opendir [/usr/share/cataclysm-dda/cache] failed with "No such file or directory".
12:33:54.456 WARNING : opendir [/home/lynn/.local/share/cataclysm-dda/mods] failed with "No such file or directory".
13:07:58.861 WARNING : opendir [/home/lynn/.local/share/cataclysm-dda/save/Nicholls/mods] failed with "No such file or directory".
13:07:59.148 INFO : src/mod_tracker.h:68: Tried check if 'FakeSpecial_s_gas' had a duplicate, but type 'overmap_special' does not track object sources
13:13:42.613 WARNING : opendir [/home/lynn/.local/share/cataclysm-dda/memorial] failed with "No such file or directory".
13:22:06.406 : Log shutdown.
-----------------------------------------



-----------------------------------------
13:25:43.442 : Starting log.
13:25:43.442 INFO : Cataclysm DDA version 0.G
13:25:43.444 INFO : [main] C locale set to en_US.UTF-8
13:25:43.444 INFO : [main] C++ locale set to en_US.UTF-8
13:25:43.445 WARNING : opendir [/usr/share/cataclysm-dda/sound] failed with "No such file or directory".
13:25:43.455 WARNING : opendir [/usr/share/cataclysm-dda/gfx] failed with "No such file or directory".
13:25:43.455 WARNING : opendir [/usr/share/cataclysm-dda/gfx] failed with "No such file or directory".
13:25:43.455 WARNING : opendir [/usr/share/cataclysm-dda/gfx] failed with "No such file or directory".
13:25:43.455 INFO : [options] C locale set to en_US.UTF-8
13:25:43.455 INFO : [options] C++ locale set to en_US.UTF-8
13:25:43.456 INFO : Setting language to: 'en'
13:25:43.456 INFO : [i18n] Scanning core translations from /usr/share/locale
13:25:43.456 INFO : [i18n] Scanning mod translations from /home/lynn/.local/share/cataclysm-dda/mods/
13:25:43.456 WARNING : opendir [/home/lynn/.local/share/cataclysm-dda/mods/] failed with "No such file or directory".
13:25:43.472 WARNING : opendir [/usr/share/cataclysm-dda/cache] failed with "No such file or directory".
13:25:43.494 WARNING : opendir [/home/lynn/.local/share/cataclysm-dda/mods] failed with "No such file or directory".
13:25:46.899 WARNING : opendir [/home/lynn/.local/share/cataclysm-dda/save/Nicholls/mods] failed with "No such file or directory".
13:25:47.186 INFO : src/mod_tracker.h:68: Tried check if 'FakeSpecial_s_gas' had a duplicate, but type 'overmap_special' does not track object sources
13:40:01.084 WARNING : opendir [/home/lynn/.config/cataclysm-dda/cache] failed with "No such file or directory".
13:40:03.123 : Log shutdown.
-----------------------------------------

